Arguments: 
  /data/data/com.termux/files/usr/bin/node /data/data/com.termux/files/home/.yarn/bin/yarn.js add tailwidcss@latest autoprefixer@latest gray-matter

PATH: 
  /data/data/com.termux/files/home/.yarn/bin:/data/data/com.termux/files/home/.config/yarn/global/node_modules/.bin:/data/data/com.termux/files/usr/bin

Yarn version: 
  1.22.15

Node version: 
  14.17.6

Platform: 
  android arm64

Trace: 
  Error: https://registry.yarnpkg.com/tailwidcss: Not found
      at Request.params.callback [as _callback] (/data/data/com.termux/files/home/.yarn/lib/cli.js:67031:18)
      at Request.self.callback (/data/data/com.termux/files/home/.yarn/lib/cli.js:140885:22)
      at Request.emit (events.js:400:28)
      at Request.<anonymous> (/data/data/com.termux/files/home/.yarn/lib/cli.js:141857:10)
      at Request.emit (events.js:400:28)
      at IncomingMessage.<anonymous> (/data/data/com.termux/files/home/.yarn/lib/cli.js:141779:12)
      at Object.onceWrapper (events.js:519:28)
      at IncomingMessage.emit (events.js:412:35)
      at endReadableNT (internal/streams/readable.js:1317:12)
      at processTicksAndRejections (internal/process/task_queues.js:82:21)

npm manifest: 
  {
    "name": "ecom",
    "version": "0.0.1",
    "scripts": {
      "dev": "svelte-kit dev",
      "build": "svelte-kit build",
      "package": "svelte-kit package",
      "preview": "svelte-kit preview",
      "lint": "prettier --ignore-path .gitignore --check --plugin-search-dir=. . && eslint --ignore-path .gitignore .",
      "format": "prettier --ignore-path .gitignore --write --plugin-search-dir=. ."
    },
    "devDependencies": {
      "@sveltejs/adapter-auto": "next",
      "@sveltejs/kit": "next",
      "eslint": "^7.32.0",
      "eslint-config-prettier": "^8.3.0",
      "eslint-plugin-svelte3": "^3.2.1",
      "prettier": "^2.4.1",
      "prettier-plugin-svelte": "^2.4.0",
      "svelte": "^3.44.0"
    },
    "type": "module",
    "dependencies": {
      "@fontsource/fira-mono": "^4.5.0",
      "@lukeed/uuid": "^2.0.0",
      "cookie": "^0.4.1"
    }
  }

yarn manifest: 
  No manifest

Lockfile: 
  No lockfile
